<?xml version="1.0" encoding="UTF-8"?>
<!-- Generated by org.testng.reporters.JUnitReportReporter -->
<testsuite hostname="Chhayas-Air.lan" failures="0" tests="1" name="com.w2a.testcases.LoginTest" time="4.945" errors="0" timestamp="2023-01-20T22:50:44 EST" skipped="0">
  <testcase classname="com.w2a.testcases.LoginTest" name="loginTest" time="4.945"/>
  <system-out/>
</testsuite> <!-- com.w2a.testcases.LoginTest -->
