<?xml version="1.0" encoding="UTF-8"?>
<!-- Generated by org.testng.reporters.JUnitReportReporter -->
<testsuite hostname="Chhayas-Air.lan" failures="0" tests="1" name="com.w2a.testcases.CreateAccountTest" time="41.422" errors="0" timestamp="2023-01-24T14:59:21 EST" skipped="0">
  <testcase classname="com.w2a.testcases.CreateAccountTest" name="createAccountTest" time="41.422"/>
  <system-out/>
</testsuite> <!-- com.w2a.testcases.CreateAccountTest -->
